<?xml version="1.0" encoding="UTF-8"?>
<!-- Generated by org.testng.reporters.JUnitXMLReporter -->
<testsuite hostname="Rigurd-PC" name="Surefire test" tests="21" failures="0" timestamp="20 Oct 2016 08:23:32 GMT" time="0.292" errors="0">
  <testcase name="testResultStringHomecityAndAge on testResultStringHomecityAndAge(se.nackademin.examination.examination_jacoco.DataAnalysisTest)" time="0.016" classname="se.nackademin.examination.examination_jacoco.DataAnalysisTest"/>
  <testcase name="test1 on test1(se.nackademin.examination.examination_jacoco.DataAnalysisTest)" time="0.0" classname="se.nackademin.examination.examination_jacoco.DataAnalysisTest"/>
  <testcase name="testResultStringNamesAndAge on testResultStringNamesAndAge(se.nackademin.examination.examination_jacoco.DataAnalysisTest)" time="0.0" classname="se.nackademin.examination.examination_jacoco.DataAnalysisTest"/>
  <testcase name="testCalculateOutputBasedOnNames on testCalculateOutputBasedOnNames(se.nackademin.examination.examination_jacoco.GameTest)" time="0.001" classname="se.nackademin.examination.examination_jacoco.GameTest"/>
  <testcase name="testGetGenderFromValueInput on testGetGenderFromValueInput(se.nackademin.examination.examination_jacoco.GameTest)" time="0.001" classname="se.nackademin.examination.examination_jacoco.GameTest"/>
  <testcase name="testCalculateOutputBasedOnAge on testCalculateOutputBasedOnAge(se.nackademin.examination.examination_jacoco.GameTest)" time="0.0" classname="se.nackademin.examination.examination_jacoco.GameTest"/>
  <testcase name="testMethodRun on testMethodRun(se.nackademin.examination.examination_jacoco.GameTest)" time="0.003" classname="se.nackademin.examination.examination_jacoco.GameTest"/>
  <testcase name="testCalculateOutputBasedOnGender on testCalculateOutputBasedOnGender(se.nackademin.examination.examination_jacoco.GameTest)" time="0.0" classname="se.nackademin.examination.examination_jacoco.GameTest"/>
  <testcase name="testMethod1 on testMethod1(se.nackademin.examination.examination_jacoco.GameTest)" time="0.0" classname="se.nackademin.examination.examination_jacoco.GameTest"/>
  <testcase name="testRunGame on testRunGame(se.nackademin.examination.examination_jacoco.GameTest)" time="0.001" classname="se.nackademin.examination.examination_jacoco.GameTest"/>
  <testcase name="testBuildFinalString on testBuildFinalString(se.nackademin.examination.examination_jacoco.GameTest)" time="0.0" classname="se.nackademin.examination.examination_jacoco.GameTest"/>
  <testcase name="testCalculateOutputBasedOnHomeCity on testCalculateOutputBasedOnHomeCity(se.nackademin.examination.examination_jacoco.GameTest)" time="0.0" classname="se.nackademin.examination.examination_jacoco.GameTest"/>
  <testcase name="testMainMethod on testMainMethod(se.nackademin.examination.examination_jacoco.MainTest)" time="0.002" classname="se.nackademin.examination.examination_jacoco.MainTest"/>
  <testcase name="testCityConverterArrayValues on testCityConverterArrayValues(se.nackademin.examination.examination_jacoco.ConversorTest)" time="0.0" classname="se.nackademin.examination.examination_jacoco.ConversorTest"/>
  <testcase name="testConversor on testConversor(se.nackademin.examination.examination_jacoco.ConversorTest)" time="0.0" classname="se.nackademin.examination.examination_jacoco.ConversorTest"/>
  <testcase name="testAgeConverterArrayValues on testAgeConverterArrayValues(se.nackademin.examination.examination_jacoco.ConversorTest)" time="0.001" classname="se.nackademin.examination.examination_jacoco.ConversorTest"/>
  <testcase name="testGenderConverserArrayValues on testGenderConverserArrayValues(se.nackademin.examination.examination_jacoco.ConversorTest)" time="0.0" classname="se.nackademin.examination.examination_jacoco.ConversorTest"/>
  <testcase name="testNameGettersAndSettersMethods on testNameGettersAndSettersMethods(se.nackademin.examination.examination_jacoco.ResultsFromInputsTest)" time="0.001" classname="se.nackademin.examination.examination_jacoco.ResultsFromInputsTest"/>
  <testcase name="testAgeGettersAndSetters on testAgeGettersAndSetters(se.nackademin.examination.examination_jacoco.ResultsFromInputsTest)" time="0.0" classname="se.nackademin.examination.examination_jacoco.ResultsFromInputsTest"/>
  <testcase name="testHomecityGettersAndSetters on testHomecityGettersAndSetters(se.nackademin.examination.examination_jacoco.ResultsFromInputsTest)" time="0.0" classname="se.nackademin.examination.examination_jacoco.ResultsFromInputsTest"/>
  <testcase name="testGenderGettersAndSetters on testGenderGettersAndSetters(se.nackademin.examination.examination_jacoco.ResultsFromInputsTest)" time="0.0" classname="se.nackademin.examination.examination_jacoco.ResultsFromInputsTest"/>
</testsuite> <!-- Surefire test -->
